# JRE version: Java(TM) SE Runtime Environment (8.0_112-b15) (build 1.8.0_112-b15)
# Java VM: Java HotSpot(TM) 64-Bit Server VM (25.112-b15 mixed mode windows-amd64 compressed oops)
Heap:
 PSYoungGen      total 477184K, used 31820K [0x00000000d5f00000, 0x00000000f4c80000, 0x0000000100000000)
  eden space 462336K, 6% used [0x00000000d5f00000,0x00000000d7e130d8,0x00000000f2280000)
  from space 14848K, 0% used [0x00000000f3e00000,0x00000000f3e00000,0x00000000f4c80000)
  to   space 21504K, 0% used [0x00000000f2280000,0x00000000f2280000,0x00000000f3780000)
 ParOldGen       total 115200K, used 37106K [0x0000000081c00000, 0x0000000088c80000, 0x00000000d5f00000)
  object space 115200K, 32% used [0x0000000081c00000,0x000000008403c9f0,0x0000000088c80000)
 Metaspace       used 56780K, capacity 59562K, committed 59776K, reserved 1101824K
  class space    used 6962K, capacity 7484K, committed 7552K, reserved 1048576K
GC Heap History (10 events):
Event: 15.017 GC heap before
{Heap before GC invocations=9 (full 2):
 PSYoungGen      total 236032K, used 223744K [0x00000000d5f00000, 0x00000000e5780000, 0x0000000100000000)
  eden space 223744K, 100% used [0x00000000d5f00000,0x00000000e3980000,0x00000000e3980000)
  from space 12288K, 0% used [0x00000000e4b00000,0x00000000e4b00000,0x00000000e5700000)
  to   space 15360K, 0% used [0x00000000e3980000,0x00000000e3980000,0x00000000e4880000)
 ParOldGen       total 78848K, used 18665K [0x0000000081c00000, 0x0000000086900000, 0x00000000d5f00000)
  object space 78848K, 23% used [0x0000000081c00000,0x0000000082e3a7f8,0x0000000086900000)
 Metaspace       used 42548K, capacity 44650K, committed 44928K, reserved 1087488K
  class space    used 5551K, capacity 5957K, committed 6016K, reserved 1048576K
Event: 15.031 GC heap after
Heap after GC invocations=9 (full 2):
 PSYoungGen      total 239104K, used 10567K [0x00000000d5f00000, 0x00000000ee180000, 0x0000000100000000)
  eden space 223744K, 0% used [0x00000000d5f00000,0x00000000d5f00000,0x00000000e3980000)
  from space 15360K, 68% used [0x00000000e3980000,0x00000000e43d1dc0,0x00000000e4880000)
  to   space 15360K, 0% used [0x00000000ed280000,0x00000000ed280000,0x00000000ee180000)
 ParOldGen       total 78848K, used 18673K [0x0000000081c00000, 0x0000000086900000, 0x00000000d5f00000)
  object space 78848K, 23% used [0x0000000081c00000,0x0000000082e3c7f8,0x0000000086900000)
 Metaspace       used 42548K, capacity 44650K, committed 44928K, reserved 1087488K
  class space    used 5551K, capacity 5957K, committed 6016K, reserved 1048576K
}
Event: 16.375 GC heap before
{Heap before GC invocations=10 (full 2):
 PSYoungGen      total 239104K, used 234311K [0x00000000d5f00000, 0x00000000ee180000, 0x0000000100000000)
  eden space 223744K, 100% used [0x00000000d5f00000,0x00000000e3980000,0x00000000e3980000)
  from space 15360K, 68% used [0x00000000e3980000,0x00000000e43d1dc0,0x00000000e4880000)
  to   space 15360K, 0% used [0x00000000ed280000,0x00000000ed280000,0x00000000ee180000)
 ParOldGen       total 78848K, used 18673K [0x0000000081c00000, 0x0000000086900000, 0x00000000d5f00000)
  object space 78848K, 23% used [0x0000000081c00000,0x0000000082e3c7f8,0x0000000086900000)
 Metaspace       used 45385K, capacity 47538K, committed 47744K, reserved 1091584K
  class space    used 5736K, capacity 6155K, committed 6272K, reserved 1048576K
Event: 16.400 GC heap after
Heap after GC invocations=10 (full 2):
 PSYoungGen      total 367104K, used 11823K [0x00000000d5f00000, 0x00000000ede80000, 0x0000000100000000)
  eden space 354816K, 0% used [0x00000000d5f00000,0x00000000d5f00000,0x00000000eb980000)
  from space 12288K, 96% used [0x00000000ed280000,0x00000000ede0bf28,0x00000000ede80000)
  to   space 15872K, 0% used [0x00000000ebf80000,0x00000000ebf80000,0x00000000ecf00000)
 ParOldGen       total 78848K, used 18681K [0x0000000081c00000, 0x0000000086900000, 0x00000000d5f00000)
  object space 78848K, 23% used [0x0000000081c00000,0x0000000082e3e7f8,0x0000000086900000)
 Metaspace       used 45385K, capacity 47538K, committed 47744K, reserved 1091584K
  class space    used 5736K, capacity 6155K, committed 6272K, reserved 1048576K
}
Event: 18.267 GC heap before
{Heap before GC invocations=11 (full 2):
 PSYoungGen      total 367104K, used 366639K [0x00000000d5f00000, 0x00000000ede80000, 0x0000000100000000)
  eden space 354816K, 100% used [0x00000000d5f00000,0x00000000eb980000,0x00000000eb980000)
  from space 12288K, 96% used [0x00000000ed280000,0x00000000ede0bf28,0x00000000ede80000)
  to   space 15872K, 0% used [0x00000000ebf80000,0x00000000ebf80000,0x00000000ecf00000)
 ParOldGen       total 78848K, used 18681K [0x0000000081c00000, 0x0000000086900000, 0x00000000d5f00000)
  object space 78848K, 23% used [0x0000000081c00000,0x0000000082e3e7f8,0x0000000086900000)
 Metaspace       used 49839K, capacity 52384K, committed 52480K, reserved 1095680K
  class space    used 6145K, capacity 6635K, committed 6656K, reserved 1048576K
Event: 18.294 GC heap after
Heap after GC invocations=11 (full 2):
 PSYoungGen      total 376832K, used 15851K [0x00000000d5f00000, 0x00000000f5280000, 0x0000000100000000)
  eden space 360960K, 0% used [0x00000000d5f00000,0x00000000d5f00000,0x00000000ebf80000)
  from space 15872K, 99% used [0x00000000ebf80000,0x00000000ecefade0,0x00000000ecf00000)
  to   space 20992K, 0% used [0x00000000f3e00000,0x00000000f3e00000,0x00000000f5280000)
 ParOldGen       total 78848K, used 25758K [0x0000000081c00000, 0x0000000086900000, 0x00000000d5f00000)
  object space 78848K, 32% used [0x0000000081c00000,0x0000000083527bb8,0x0000000086900000)
 Metaspace       used 49839K, capacity 52384K, committed 52480K, reserved 1095680K
  class space    used 6145K, capacity 6635K, committed 6656K, reserved 1048576K
}
Event: 74.550 GC heap before
{Heap before GC invocations=12 (full 2):
 PSYoungGen      total 376832K, used 113272K [0x00000000d5f00000, 0x00000000f5280000, 0x0000000100000000)
  eden space 360960K, 26% used [0x00000000d5f00000,0x00000000dbe23250,0x00000000ebf80000)
  from space 15872K, 99% used [0x00000000ebf80000,0x00000000ecefade0,0x00000000ecf00000)
  to   space 20992K, 0% used [0x00000000f3e00000,0x00000000f3e00000,0x00000000f5280000)
 ParOldGen       total 78848K, used 25758K [0x0000000081c00000, 0x0000000086900000, 0x00000000d5f00000)
  object space 78848K, 32% used [0x0000000081c00000,0x0000000083527bb8,0x0000000086900000)
 Metaspace       used 56319K, capacity 59044K, committed 59136K, reserved 1101824K
  class space    used 6912K, capacity 7419K, committed 7424K, reserved 1048576K
Event: 74.576 GC heap after
Heap after GC invocations=12 (full 2):
 PSYoungGen      total 477184K, used 14592K [0x00000000d5f00000, 0x00000000f4c80000, 0x0000000100000000)
  eden space 462336K, 0% used [0x00000000d5f00000,0x00000000d5f00000,0x00000000f2280000)
  from space 14848K, 98% used [0x00000000f3e00000,0x00000000f4c400a0,0x00000000f4c80000)
  to   space 21504K, 0% used [0x00000000f2280000,0x00000000f2280000,0x00000000f3780000)
 ParOldGen       total 78848K, used 32828K [0x0000000081c00000, 0x0000000086900000, 0x00000000d5f00000)
  object space 78848K, 41% used [0x0000000081c00000,0x0000000083c0f340,0x0000000086900000)
 Metaspace       used 56319K, capacity 59044K, committed 59136K, reserved 1101824K
  class space    used 6912K, capacity 7419K, committed 7424K, reserved 1048576K
}
Event: 74.576 GC heap before
{Heap before GC invocations=13 (full 3):
 PSYoungGen      total 477184K, used 14592K [0x00000000d5f00000, 0x00000000f4c80000, 0x0000000100000000)
  eden space 462336K, 0% used [0x00000000d5f00000,0x00000000d5f00000,0x00000000f2280000)
  from space 14848K, 98% used [0x00000000f3e00000,0x00000000f4c400a0,0x00000000f4c80000)
  to   space 21504K, 0% used [0x00000000f2280000,0x00000000f2280000,0x00000000f3780000)
 ParOldGen       total 78848K, used 32828K [0x0000000081c00000, 0x0000000086900000, 0x00000000d5f00000)
  object space 78848K, 41% used [0x0000000081c00000,0x0000000083c0f340,0x0000000086900000)
 Metaspace       used 56319K, capacity 59044K, committed 59136K, reserved 1101824K
  class space    used 6912K, capacity 7419K, committed 7424K, reserved 1048576K
Event: 74.773 GC heap after
Heap after GC invocations=13 (full 3):
 PSYoungGen      total 477184K, used 0K [0x00000000d5f00000, 0x00000000f4c80000, 0x0000000100000000)
  eden space 462336K, 0% used [0x00000000d5f00000,0x00000000d5f00000,0x00000000f2280000)
  from space 14848K, 0% used [0x00000000f3e00000,0x00000000f3e00000,0x00000000f4c80000)
  to   space 21504K, 0% used [0x00000000f2280000,0x00000000f2280000,0x00000000f3780000)
 ParOldGen       total 115200K, used 37106K [0x0000000081c00000, 0x0000000088c80000, 0x00000000d5f00000)
  object space 115200K, 32% used [0x0000000081c00000,0x000000008403c9f0,0x0000000088c80000)
 Metaspace       used 56319K, capacity 59044K, committed 59136K, reserved 1101824K
  class space    used 6912K, capacity 7419K, committed 7424K, reserved 1048576K
}

