# JRE version: Java(TM) SE Runtime Environment (8.0_112-b15) (build 1.8.0_112-b15)
# Java VM: Java HotSpot(TM) 64-Bit Server VM (25.112-b15 mixed mode windows-amd64 compressed oops)
Heap:
 PSYoungGen      total 501760K, used 33091K [0x00000000d5f00000, 0x00000000f6a80000, 0x0000000100000000)
  eden space 488448K, 6% used [0x00000000d5f00000,0x00000000d7f50f08,0x00000000f3c00000)
  from space 13312K, 0% used [0x00000000f5d80000,0x00000000f5d80000,0x00000000f6a80000)
  to   space 21504K, 0% used [0x00000000f4080000,0x00000000f4080000,0x00000000f5580000)
 ParOldGen       total 114176K, used 38808K [0x0000000081c00000, 0x0000000088b80000, 0x00000000d5f00000)
  object space 114176K, 33% used [0x0000000081c00000,0x00000000841e6368,0x0000000088b80000)
 Metaspace       used 56720K, capacity 59392K, committed 59520K, reserved 1101824K
  class space    used 6953K, capacity 7481K, committed 7552K, reserved 1048576K
GC Heap History (10 events):
Event: 7.718 GC heap before
{Heap before GC invocations=9 (full 2):
 PSYoungGen      total 241664K, used 228864K [0x00000000d5f00000, 0x00000000e5d80000, 0x0000000100000000)
  eden space 228864K, 100% used [0x00000000d5f00000,0x00000000e3e80000,0x00000000e3e80000)
  from space 12800K, 0% used [0x00000000e5100000,0x00000000e5100000,0x00000000e5d80000)
  to   space 15360K, 0% used [0x00000000e3f80000,0x00000000e3f80000,0x00000000e4e80000)
 ParOldGen       total 77312K, used 18449K [0x0000000081c00000, 0x0000000086780000, 0x00000000d5f00000)
  object space 77312K, 23% used [0x0000000081c00000,0x0000000082e04698,0x0000000086780000)
 Metaspace       used 42670K, capacity 44706K, committed 44928K, reserved 1087488K
  class space    used 5555K, capacity 5957K, committed 6016K, reserved 1048576K
Event: 7.733 GC heap after
Heap after GC invocations=9 (full 2):
 PSYoungGen      total 245248K, used 10549K [0x00000000d5f00000, 0x00000000eef00000, 0x0000000100000000)
  eden space 229888K, 0% used [0x00000000d5f00000,0x00000000d5f00000,0x00000000e3f80000)
  from space 15360K, 68% used [0x00000000e3f80000,0x00000000e49cd6c0,0x00000000e4e80000)
  to   space 15360K, 0% used [0x00000000ee000000,0x00000000ee000000,0x00000000eef00000)
 ParOldGen       total 77312K, used 18457K [0x0000000081c00000, 0x0000000086780000, 0x00000000d5f00000)
  object space 77312K, 23% used [0x0000000081c00000,0x0000000082e06698,0x0000000086780000)
 Metaspace       used 42670K, capacity 44706K, committed 44928K, reserved 1087488K
  class space    used 5555K, capacity 5957K, committed 6016K, reserved 1048576K
}
Event: 8.529 GC heap before
{Heap before GC invocations=10 (full 2):
 PSYoungGen      total 245248K, used 240437K [0x00000000d5f00000, 0x00000000eef00000, 0x0000000100000000)
  eden space 229888K, 100% used [0x00000000d5f00000,0x00000000e3f80000,0x00000000e3f80000)
  from space 15360K, 68% used [0x00000000e3f80000,0x00000000e49cd6c0,0x00000000e4e80000)
  to   space 15360K, 0% used [0x00000000ee000000,0x00000000ee000000,0x00000000eef00000)
 ParOldGen       total 77312K, used 18457K [0x0000000081c00000, 0x0000000086780000, 0x00000000d5f00000)
  object space 77312K, 23% used [0x0000000081c00000,0x0000000082e06698,0x0000000086780000)
 Metaspace       used 45487K, capacity 47654K, committed 48000K, reserved 1091584K
  class space    used 5739K, capacity 6155K, committed 6272K, reserved 1048576K
Event: 8.545 GC heap after
Heap after GC invocations=10 (full 2):
 PSYoungGen      total 384000K, used 12163K [0x00000000d5f00000, 0x00000000eec00000, 0x0000000100000000)
  eden space 371712K, 0% used [0x00000000d5f00000,0x00000000d5f00000,0x00000000eca00000)
  from space 12288K, 98% used [0x00000000ee000000,0x00000000eebe0c08,0x00000000eec00000)
  to   space 16384K, 0% used [0x00000000ecc00000,0x00000000ecc00000,0x00000000edc00000)
 ParOldGen       total 77312K, used 18465K [0x0000000081c00000, 0x0000000086780000, 0x00000000d5f00000)
  object space 77312K, 23% used [0x0000000081c00000,0x0000000082e08698,0x0000000086780000)
 Metaspace       used 45487K, capacity 47654K, committed 48000K, reserved 1091584K
  class space    used 5739K, capacity 6155K, committed 6272K, reserved 1048576K
}
Event: 10.272 GC heap before
{Heap before GC invocations=11 (full 2):
 PSYoungGen      total 384000K, used 383875K [0x00000000d5f00000, 0x00000000eec00000, 0x0000000100000000)
  eden space 371712K, 100% used [0x00000000d5f00000,0x00000000eca00000,0x00000000eca00000)
  from space 12288K, 98% used [0x00000000ee000000,0x00000000eebe0c08,0x00000000eec00000)
  to   space 16384K, 0% used [0x00000000ecc00000,0x00000000ecc00000,0x00000000edc00000)
 ParOldGen       total 77312K, used 18465K [0x0000000081c00000, 0x0000000086780000, 0x00000000d5f00000)
  object space 77312K, 23% used [0x0000000081c00000,0x0000000082e08698,0x0000000086780000)
 Metaspace       used 50854K, capacity 53476K, committed 53760K, reserved 1095680K
  class space    used 6295K, capacity 6797K, committed 6912K, reserved 1048576K
Event: 10.306 GC heap after
Heap after GC invocations=11 (full 2):
 PSYoungGen      total 390144K, used 16377K [0x00000000d5f00000, 0x00000000f7280000, 0x0000000100000000)
  eden space 373760K, 0% used [0x00000000d5f00000,0x00000000d5f00000,0x00000000ecc00000)
  from space 16384K, 99% used [0x00000000ecc00000,0x00000000edbfe730,0x00000000edc00000)
  to   space 21504K, 0% used [0x00000000f5d80000,0x00000000f5d80000,0x00000000f7280000)
 ParOldGen       total 77312K, used 26557K [0x0000000081c00000, 0x0000000086780000, 0x00000000d5f00000)
  object space 77312K, 34% used [0x0000000081c00000,0x00000000835ef750,0x0000000086780000)
 Metaspace       used 50854K, capacity 53476K, committed 53760K, reserved 1095680K
  class space    used 6295K, capacity 6797K, committed 6912K, reserved 1048576K
}
Event: 52.011 GC heap before
{Heap before GC invocations=12 (full 2):
 PSYoungGen      total 390144K, used 89745K [0x00000000d5f00000, 0x00000000f7280000, 0x0000000100000000)
  eden space 373760K, 19% used [0x00000000d5f00000,0x00000000da6a5f60,0x00000000ecc00000)
  from space 16384K, 99% used [0x00000000ecc00000,0x00000000edbfe730,0x00000000edc00000)
  to   space 21504K, 0% used [0x00000000f5d80000,0x00000000f5d80000,0x00000000f7280000)
 ParOldGen       total 77312K, used 26557K [0x0000000081c00000, 0x0000000086780000, 0x00000000d5f00000)
  object space 77312K, 34% used [0x0000000081c00000,0x00000000835ef750,0x0000000086780000)
 Metaspace       used 56369K, capacity 59066K, committed 59136K, reserved 1101824K
  class space    used 6910K, capacity 7416K, committed 7424K, reserved 1048576K
Event: 52.039 GC heap after
Heap after GC invocations=12 (full 2):
 PSYoungGen      total 501760K, used 13097K [0x00000000d5f00000, 0x00000000f6a80000, 0x0000000100000000)
  eden space 488448K, 0% used [0x00000000d5f00000,0x00000000d5f00000,0x00000000f3c00000)
  from space 13312K, 98% used [0x00000000f5d80000,0x00000000f6a4a768,0x00000000f6a80000)
  to   space 21504K, 0% used [0x00000000f4080000,0x00000000f4080000,0x00000000f5580000)
 ParOldGen       total 77312K, used 34087K [0x0000000081c00000, 0x0000000086780000, 0x00000000d5f00000)
  object space 77312K, 44% used [0x0000000081c00000,0x0000000083d49eb0,0x0000000086780000)
 Metaspace       used 56369K, capacity 59066K, committed 59136K, reserved 1101824K
  class space    used 6910K, capacity 7416K, committed 7424K, reserved 1048576K
}
Event: 52.039 GC heap before
{Heap before GC invocations=13 (full 3):
 PSYoungGen      total 501760K, used 13097K [0x00000000d5f00000, 0x00000000f6a80000, 0x0000000100000000)
  eden space 488448K, 0% used [0x00000000d5f00000,0x00000000d5f00000,0x00000000f3c00000)
  from space 13312K, 98% used [0x00000000f5d80000,0x00000000f6a4a768,0x00000000f6a80000)
  to   space 21504K, 0% used [0x00000000f4080000,0x00000000f4080000,0x00000000f5580000)
 ParOldGen       total 77312K, used 34087K [0x0000000081c00000, 0x0000000086780000, 0x00000000d5f00000)
  object space 77312K, 44% used [0x0000000081c00000,0x0000000083d49eb0,0x0000000086780000)
 Metaspace       used 56369K, capacity 59066K, committed 59136K, reserved 1101824K
  class space    used 6910K, capacity 7416K, committed 7424K, reserved 1048576K
Event: 52.254 GC heap after
Heap after GC invocations=13 (full 3):
 PSYoungGen      total 501760K, used 0K [0x00000000d5f00000, 0x00000000f6a80000, 0x0000000100000000)
  eden space 488448K, 0% used [0x00000000d5f00000,0x00000000d5f00000,0x00000000f3c00000)
  from space 13312K, 0% used [0x00000000f5d80000,0x00000000f5d80000,0x00000000f6a80000)
  to   space 21504K, 0% used [0x00000000f4080000,0x00000000f4080000,0x00000000f5580000)
 ParOldGen       total 114176K, used 38808K [0x0000000081c00000, 0x0000000088b80000, 0x00000000d5f00000)
  object space 114176K, 33% used [0x0000000081c00000,0x00000000841e6368,0x0000000088b80000)
 Metaspace       used 56369K, capacity 59066K, committed 59136K, reserved 1101824K
  class space    used 6910K, capacity 7416K, committed 7424K, reserved 1048576K
}

